0 verbose cli /root/.nvm/versions/node/v20.12.2/bin/node /root/.nvm/versions/node/v20.12.2/bin/npm
1 info using npm@10.5.0
2 info using node@v20.12.2
3 timing npm:load:whichnode Completed in 1ms
4 timing config:load:defaults Completed in 2ms
5 timing config:load:file:/root/.nvm/versions/node/v20.12.2/lib/node_modules/npm/npmrc Completed in 1ms
6 timing config:load:builtin Completed in 1ms
7 timing config:load:cli Completed in 2ms
8 timing config:load:env Completed in 1ms
9 timing config:load:project Completed in 2ms
10 timing config:load:file:/root/.npmrc Completed in 1ms
11 timing config:load:user Completed in 1ms
12 timing config:load:file:/root/.nvm/versions/node/v20.12.2/etc/npmrc Completed in 0ms
13 timing config:load:global Completed in 0ms
14 timing config:load:setEnvs Completed in 1ms
15 timing config:load Completed in 10ms
16 timing npm:load:configload Completed in 10ms
17 timing config:load:flatten Completed in 2ms
18 timing npm:load:mkdirpcache Completed in 0ms
19 timing npm:load:mkdirplogs Completed in 0ms
20 verbose title npm install yarn
21 verbose argv "install" "--global" "yarn"
22 timing npm:load:setTitle Completed in 0ms
23 timing npm:load:display Completed in 1ms
24 verbose logfile logs-max:10 dir:/root/.npm/_logs/2024-05-02T19_35_11_983Z-
25 verbose logfile /root/.npm/_logs/2024-05-02T19_35_11_983Z-debug-0.log
26 timing npm:load:logFile Completed in 6ms
27 timing npm:load:timers Completed in 0ms
28 timing npm:load:configScope Completed in 0ms
29 timing npm:load Completed in 32ms
30 timing config:load:flatten Completed in 0ms
31 timing arborist:ctor Completed in 1ms
32 silly logfile done cleaning log files
33 timing idealTree:init Completed in 4ms
34 timing idealTree:userRequests Completed in 1ms
35 silly idealTree buildDeps
36 silly fetch manifest yarn@*
37 http fetch GET 200 https://registry.npmjs.org/npm 175ms
38 http fetch GET 200 https://registry.npmjs.org/yarn 160ms (cache miss)
39 silly placeDep ROOT yarn@1.22.22 OK for:  want: *
40 timing idealTree:#root Completed in 170ms
41 timing idealTree:node_modules/yarn Completed in 1ms
42 timing idealTree:buildDeps Completed in 172ms
43 timing idealTree:fixDepFlags Completed in 0ms
44 timing idealTree Completed in 179ms
45 timing reify:loadTrees Completed in 180ms
46 timing reify:diffTrees Completed in 1ms
47 silly reify moves {}
48 timing reify:retireShallow Completed in 1ms
49 timing reify:createSparse Completed in 0ms
50 timing reify:loadBundles Completed in 0ms
51 silly tarball no local data for yarn@https://registry.npmjs.org/yarn/-/yarn-1.22.22.tgz. Extracting by manifest.
52 http fetch GET 200 https://registry.npmjs.org/yarn/-/yarn-1.22.22.tgz 106ms (cache miss)
53 timing reifyNode:node_modules/yarn Completed in 111ms
54 timing reify:unpack Completed in 111ms
55 timing reify:unretire Completed in 0ms
56 timing build:queue Completed in 0ms
57 info run yarn@1.22.22 preinstall node_modules/yarn :; (node ./preinstall.js > /dev/null 2>&1 || true)
58 info run yarn@1.22.22 preinstall { code: 0, signal: null }
59 timing build:run:preinstall:node_modules/yarn Completed in 258ms
60 timing build:run:preinstall Completed in 258ms
61 timing build:link:node_modules/yarn Completed in 11ms
62 timing build:link Completed in 11ms
63 timing build:deps Completed in 269ms
64 timing build Completed in 270ms
65 timing reify:build Completed in 270ms
66 timing reify:trash Completed in 0ms
67 timing reify Completed in 618ms
68 silly ADD node_modules/yarn
69 timing command:install Completed in 622ms
70 notice
70 notice New minor version of npm available! 10.5.0 -> 10.7.0
70 notice Changelog: <https://github.com/npm/cli/releases/tag/v10.7.0>
70 notice Run `npm install -g npm@10.7.0` to update!
70 notice
71 verbose exit 0
72 timing npm Completed in 798ms
73 info ok
